#
# There is insufficient memory for the Java Runtime Environment to continue.
# Native memory allocation (malloc) failed to allocate 1048576 bytes for AllocateHeap
# Possible reasons:
#   The system is out of physical RAM or swap space
#   The process is running with CompressedOops enabled, and the Java Heap may be blocking the growth of the native heap
# Possible solutions:
#   Reduce memory load on the system
#   Increase physical memory or swap space
#   Check if swap backing store is full
#   Decrease Java heap size (-Xmx/-Xms)
#   Decrease number of Java threads
#   Decrease Java thread stack sizes (-Xss)
#   Set larger code cache with -XX:ReservedCodeCacheSize=
#   JVM is running with Unscaled Compressed Oops mode in which the Java heap is
#     placed in the first 4GB address space. The Java Heap base address is the
#     maximum limit for the native heap growth. Please use -XX:HeapBaseMinAddress
#     to set the Java Heap base and to place the Java Heap above 4GB virtual address.
# This output file may be truncated or incomplete.
#
#  Out of Memory Error (memory/allocation.inline.hpp:61), pid=16820, tid=0x0000000000003b4c
#
# JRE version:  (8.0_271-b09) (build )
# Java VM: Java HotSpot(TM) 64-Bit Server VM (25.271-b09 mixed mode windows-amd64 compressed oops)
# Failed to write core dump. Minidumps are not enabled by default on client versions of Windows
#

---------------  T H R E A D  ---------------

Current thread (0x000001b1b8c06000):  JavaThread "Unknown thread" [_thread_in_vm, id=15180, stack(0x0000004017800000,0x0000004017900000)]

Stack: [0x0000004017800000,0x0000004017900000]
Native frames: (J=compiled Java code, j=interpreted, Vv=VM code, C=native code)
V  [jvm.dll+0x33f6c9]
V  [jvm.dll+0x286122]
V  [jvm.dll+0x286dcd]
V  [jvm.dll+0x27d805]
V  [jvm.dll+0x1565d]
V  [jvm.dll+0x3e35e7]
V  [jvm.dll+0x3e3fd8]
V  [jvm.dll+0x10cfff]
V  [jvm.dll+0x21ab2b]
V  [jvm.dll+0x2494e7]
V  [jvm.dll+0x172a76]
C  [javaw.exe+0x2322]
C  [javaw.exe+0x16544]
C  [KERNEL32.DLL+0x17034]
C  [ntdll.dll+0x52651]


---------------  P R O C E S S  ---------------

Java Threads: ( => current thread )

Other Threads:

=>0x000001b1b8c06000 (exited) JavaThread "Unknown thread" [_thread_in_vm, id=15180, stack(0x0000004017800000,0x0000004017900000)]

VM state:not at safepoint (normal execution)

VM Mutex/Monitor currently owned by a thread: None

heap address: 0x0000000081400000, size: 2028 MB, Compressed Oops mode: 32-bit
Narrow klass base: 0x0000000000000000, Narrow klass shift: 3
Compressed class space size: 1073741824 Address: 0x0000000100000000

Heap:
 PSYoungGen      total 38400K, used 665K [0x00000000d5c00000, 0x00000000d8680000, 0x0000000100000000)
  eden space 33280K, 2% used [0x00000000d5c00000,0x00000000d5ca6670,0x00000000d7c80000)
  from space 5120K, 0% used [0x00000000d8180000,0x00000000d8180000,0x00000000d8680000)
  to   space 5120K, 0% used [0x00000000d7c80000,0x00000000d7c80000,0x00000000d8180000)
 ParOldGen       total 87552K, used 0K [0x0000000081400000, 0x0000000086980000, 0x00000000d5c00000)
  object space 87552K, 0% used [0x0000000081400000,0x0000000081400000,0x0000000086980000)
 Metaspace       used 752K, capacity 4480K, committed 4480K, reserved 1056768K
  class space    used 76K, capacity 384K, committed 384K, reserved 1048576K

Card table byte_map: [0x000001b1c9890000,0x000001b1c9c90000] byte_map_base: 0x000001b1c9486000

Marking Bits: (ParMarkBitMap*) 0x0000000052697fe0
 Begin Bits: [0x000001b1c9f40000, 0x000001b1cbef0000)
 End Bits:   [0x000001b1cbef0000, 0x000001b1cdea0000)

Polling page: 0x000001b1b8e80000

CodeCache: size=245760Kb used=328Kb max_used=328Kb free=245431Kb
 bounds [0x000001b1ba4d0000, 0x000001b1ba740000, 0x000001b1c94d0000]
 total_blobs=58 nmethods=0 adapters=38
 compilation: enabled

Compilation events (0 events):
No events

GC Heap History (0 events):
No events

Deoptimization events (0 events):
No events

Classes redefined (0 events):
No events

Internal exceptions (0 events):
No events

Events (10 events):
Event: 0.053 loading class java/lang/Short
Event: 0.053 loading class java/lang/Short done
Event: 0.053 loading class java/lang/Integer
Event: 0.053 loading class java/lang/Integer done
Event: 0.053 loading class java/lang/Long
Event: 0.054 loading class java/lang/Long done
Event: 0.054 loading class java/lang/NullPointerException
Event: 0.054 loading class java/lang/NullPointerException done
Event: 0.054 loading class java/lang/ArithmeticException
Event: 0.054 loading class java/lang/ArithmeticException done


Dynamic libraries:
0x00007ff7e5a10000 - 0x00007ff7e5a57000 	C:\Program Files\Java\jre1.8.0_271\bin\javaw.exe
0x00007ffbe9890000 - 0x00007ffbe9a85000 	C:\WINDOWS\SYSTEM32\ntdll.dll
0x00007ffbe7d70000 - 0x00007ffbe7e2d000 	C:\WINDOWS\System32\KERNEL32.DLL
0x00007ffbe72c0000 - 0x00007ffbe7588000 	C:\WINDOWS\System32\KERNELBASE.dll
0x00007ffbe80b0000 - 0x00007ffbe815c000 	C:\WINDOWS\System32\ADVAPI32.dll
0x00007ffbe8160000 - 0x00007ffbe81fe000 	C:\WINDOWS\System32\msvcrt.dll
0x00007ffbe89b0000 - 0x00007ffbe8a4b000 	C:\WINDOWS\System32\sechost.dll
0x00007ffbe7a20000 - 0x00007ffbe7b4b000 	C:\WINDOWS\System32\RPCRT4.dll
0x00007ffbe7f10000 - 0x00007ffbe80b0000 	C:\WINDOWS\System32\USER32.dll
0x00007ffbe70b0000 - 0x00007ffbe70d2000 	C:\WINDOWS\System32\win32u.dll
0x00007ffbe8f30000 - 0x00007ffbe8f5a000 	C:\WINDOWS\System32\GDI32.dll
0x00007ffbe7780000 - 0x00007ffbe788b000 	C:\WINDOWS\System32\gdi32full.dll
0x00007ffbe75e0000 - 0x00007ffbe767d000 	C:\WINDOWS\System32\msvcp_win.dll
0x00007ffbe7680000 - 0x00007ffbe7780000 	C:\WINDOWS\System32\ucrtbase.dll
0x00007ffbcd260000 - 0x00007ffbcd4fa000 	C:\WINDOWS\WinSxS\amd64_microsoft.windows.common-controls_6595b64144ccf1df_6.0.19041.844_none_ca00b6081b84eb1d\COMCTL32.dll
0x00007ffbe8f60000 - 0x00007ffbe8f90000 	C:\WINDOWS\System32\IMM32.DLL
0x00007ffbd12c0000 - 0x00007ffbd12d5000 	C:\Program Files\Java\jre1.8.0_271\bin\vcruntime140.dll
0x00007ffbc91e0000 - 0x00007ffbc927b000 	C:\Program Files\Java\jre1.8.0_271\bin\msvcp140.dll
0x0000000051ea0000 - 0x000000005270f000 	C:\Program Files\Java\jre1.8.0_271\bin\server\jvm.dll
0x00007ffbe7f00000 - 0x00007ffbe7f08000 	C:\WINDOWS\System32\PSAPI.DLL
0x00007ffbe0860000 - 0x00007ffbe0869000 	C:\WINDOWS\SYSTEM32\WSOCK32.dll
0x00007ffbe21e0000 - 0x00007ffbe2207000 	C:\WINDOWS\SYSTEM32\WINMM.dll
0x00007ffbe82e0000 - 0x00007ffbe834b000 	C:\WINDOWS\System32\WS2_32.dll
0x00007ffbdebd0000 - 0x00007ffbdebda000 	C:\WINDOWS\SYSTEM32\VERSION.dll
0x00007ffbe50b0000 - 0x00007ffbe50c2000 	C:\WINDOWS\SYSTEM32\kernel.appcore.dll
0x00007ffbe02b0000 - 0x00007ffbe02c0000 	C:\Program Files\Java\jre1.8.0_271\bin\verify.dll
0x00007ffbce440000 - 0x00007ffbce46b000 	C:\Program Files\Java\jre1.8.0_271\bin\java.dll
0x00007ffbd9530000 - 0x00007ffbd9548000 	C:\Program Files\Java\jre1.8.0_271\bin\zip.dll
0x00007ffbe4dc0000 - 0x00007ffbe4fa4000 	C:\WINDOWS\SYSTEM32\dbghelp.dll
0x00007ffbe70e0000 - 0x00007ffbe7160000 	C:\WINDOWS\System32\bcryptPrimitives.dll

VM Arguments:
jvm_args: -Dfile.encoding=Cp1252 
java_command: _practice.sampleClass
java_class_path (initial): C:\Program Files\Java\jre1.8.0_271\lib\resources.jar;C:\Program Files\Java\jre1.8.0_271\lib\rt.jar;C:\Program Files\Java\jre1.8.0_271\lib\jsse.jar;C:\Program Files\Java\jre1.8.0_271\lib\jce.jar;C:\Program Files\Java\jre1.8.0_271\lib\charsets.jar;C:\Program Files\Java\jre1.8.0_271\lib\jfr.jar;C:\Program Files\Java\jre1.8.0_271\lib\ext\access-bridge-64.jar;C:\Program Files\Java\jre1.8.0_271\lib\ext\cldrdata.jar;C:\Program Files\Java\jre1.8.0_271\lib\ext\dnsns.jar;C:\Program Files\Java\jre1.8.0_271\lib\ext\jaccess.jar;C:\Program Files\Java\jre1.8.0_271\lib\ext\jfxrt.jar;C:\Program Files\Java\jre1.8.0_271\lib\ext\localedata.jar;C:\Program Files\Java\jre1.8.0_271\lib\ext\nashorn.jar;C:\Program Files\Java\jre1.8.0_271\lib\ext\sunec.jar;C:\Program Files\Java\jre1.8.0_271\lib\ext\sunjce_provider.jar;C:\Program Files\Java\jre1.8.0_271\lib\ext\sunmscapi.jar;C:\Program Files\Java\jre1.8.0_271\lib\ext\sunpkcs11.jar;C:\Program Files\Java\jre1.8.0_271\lib\ext\zipfs.jar;C:\Users\HP\eclipse-workspace\Selenium\bin;C:\Users\HP\Downloads\selenium-server-standalone-3.141.59.jar;C:\Users\HP\Downloads\poi-bin-5.0.0-20210120\poi-5.0.0\batik-all-1.13.jar;C:\Users\HP\Downloads\poi-bin-5.0.0-20210120\poi-5.0.0\bcpkix-jdk15on-1.68.jar;C:\Users\HP\Downloads\poi-bin-5.0.0-20210120\poi-5.0.0\bcprov-jdk15on-1.68.jar;C:\Users\HP\Downloads\poi-bin-5.0.0-20210120\poi-5.0.0\commons-codec-1.15.jar;C:\Users\HP\Downloads\poi-bin-5.0.0-20210120\poi-5.0.0\commons-collections4-4.4.jar;C:\Users\HP\Downloads\poi-bin-5.0.0-20210120\poi-5.0.0\commons-compress-1.20.jar;C:\Users\HP\Downloads\poi-bin-5.0.0-20210120\poi-5.0.0\commons-math3-3.6.1.jar;C:\Users\HP\Downloads\poi-bin-5.0.0-20210120\poi-5.0.0\curvesapi-1.06.jar;C:\Users\HP\Downloads\poi-bin-5.0.0-20210120\poi-5.0.0\fontbox-2.0.22.jar;C:\Users\HP\Downloads\poi-bin-5.0.0-20210120\poi-5.0.0\graphics2d-0.30.jar;C:\Users\HP\Downloads\poi-bin-5.0.0-20210120\poi-5.0.0\pdfbox-2.0.22.jar;C:\Users\HP\Downloads\poi-bin-5.0.0-20210120\p
Launcher Type: SUN_STANDARD

Environment Variables:
PATH=C:/Program Files/Java/jre1.8.0_271/bin/server;C:/Program Files/Java/jre1.8.0_271/bin;C:/Program Files/Java/jre1.8.0_271/lib/amd64;C:\Program Files (x86)\Common Files\Oracle\Java\javapath;C:\WINDOWS\system32;C:\WINDOWS;C:\WINDOWS\System32\Wbem;C:\WINDOWS\System32\WindowsPowerShell\v1.0\;C:\Program Files (x86)\Windows Kits\8.1\Windows Performance Toolkit\;C:\Program Files\Git\cmd;C:\Program Files\Git\mingw64\bin;C:\Program Files\Git\usr\bin;C:\Program Files\Microsoft SQL Server\Client SDK\ODBC\110\Tools\Binn\;C:\WINDOWS\System32\OpenSSH\;C:\Program Files\Azure Data Studio\bin;C:\Program Files\Java\jre1.8.0_271\bin;C:\Users\HP\AppData\Local\Microsoft\WindowsApps;C:\Users\HP\AppData\Local\Programs\Microsoft VS Code\bin;C:\Program Files\JetBrains\PyCharm Community Edition 2020.2.3\bin;;;C:\Program Files\Azure Data Studio\bin;D:\Eclipse photon Java IDE\eclipse;
USERNAME=HP
OS=Windows_NT
PROCESSOR_IDENTIFIER=Intel64 Family 6 Model 142 Stepping 9, GenuineIntel



---------------  S Y S T E M  ---------------

OS: Windows 10.0 , 64 bit Build 19041 (10.0.19041.928)

CPU:total 4 (initial active 4) (2 cores per cpu, 2 threads per core) family 6 model 142 stepping 9, cmov, cx8, fxsr, mmx, sse, sse2, sse3, ssse3, sse4.1, sse4.2, popcnt, avx, avx2, aes, clmul, erms, 3dnowpref, lzcnt, ht, tsc, tscinvbit, bmi1, bmi2, adx

Memory: 4k page, physical 8303528k(2478860k free), swap 10258344k(4260k free)

vm_info: Java HotSpot(TM) 64-Bit Server VM (25.271-b09) for windows-amd64 JRE (1.8.0_271-b09), built on Sep 16 2020 19:14:59 by "" with MS VC++ 15.9 (VS2017)

time: Tue Apr 27 12:17:45 2021
timezone: India Standard Time
elapsed time: 0.335785 seconds (0d 0h 0m 0s)

